<?xml version="1.0" encoding="UTF-8"?>
<!-- Generated by org.testng.reporters.JUnitReportReporter -->
<testsuite hostname="Rayhans-Air" failures="0" tests="3" name="com.tutorialsNinja.qa.testcases.SearchTest" time="15.806" errors="0" timestamp="2023-12-23T03:28:34 EST" skipped="0">
  <testcase classname="com.tutorialsNinja.qa.testcases.SearchTest" name="verifySearchWithValidProduct" time="5.304"/>
  <testcase classname="com.tutorialsNinja.qa.testcases.SearchTest" name="verifySearchWithInvalidProduct" time="4.957"/>
  <testcase classname="com.tutorialsNinja.qa.testcases.SearchTest" name="verifySearchWithWithoutAnyProduct" time="5.545"/>
</testsuite> <!-- com.tutorialsNinja.qa.testcases.SearchTest -->
