<?xml version="1.0" encoding="UTF-8"?>
<!-- Generated by org.testng.reporters.JUnitReportReporter -->
<testsuite hostname="Rayhans-Air" failures="0" tests="7" name="com.tutorialsNinja.qa.testcases.LoginTest" time="41.268" errors="0" timestamp="2023-12-23T03:28:34 EST" skipped="0">
  <testcase classname="com.tutorialsNinja.qa.testcases.LoginTest" name="verifyLoginWithValidCredentials" time="6.957"/>
  <testcase classname="com.tutorialsNinja.qa.testcases.LoginTest" name="verifyLoginWithValidCredentials" time="5.850"/>
  <testcase classname="com.tutorialsNinja.qa.testcases.LoginTest" name="verifyLoginWithValidCredentials" time="5.745"/>
  <testcase classname="com.tutorialsNinja.qa.testcases.LoginTest" name="verifyLoginWithInvalidCredentials" time="5.545"/>
  <testcase classname="com.tutorialsNinja.qa.testcases.LoginTest" name="verifyLoginWithInvalidEmailAndValidPassword" time="5.611"/>
  <testcase classname="com.tutorialsNinja.qa.testcases.LoginTest" name="verifyLoginWithvalidEmailAndInValidPassword" time="5.937"/>
  <testcase classname="com.tutorialsNinja.qa.testcases.LoginTest" name="verifyLoginWithoutProvidingCredentials" time="5.623"/>
</testsuite> <!-- com.tutorialsNinja.qa.testcases.LoginTest -->
