<?xml version="1.0" encoding="UTF-8"?>
<!-- Generated by org.testng.reporters.JUnitReportReporter -->
<testsuite hostname="Rayhans-Air" failures="0" tests="7" name="com.tutorialsNinja.qa.testcases.Login" time="31.573" errors="0" timestamp="2023-11-27T20:31:26 EST" skipped="0">
  <testcase classname="com.tutorialsNinja.qa.testcases.Login" name="verifyLoginWithValidCredentials" time="4.672"/>
  <testcase classname="com.tutorialsNinja.qa.testcases.Login" name="verifyLoginWithValidCredentials" time="4.683"/>
  <testcase classname="com.tutorialsNinja.qa.testcases.Login" name="verifyLoginWithValidCredentials" time="4.627"/>
  <testcase classname="com.tutorialsNinja.qa.testcases.Login" name="verifyLoginWithInvalidCredentials" time="4.395"/>
  <testcase classname="com.tutorialsNinja.qa.testcases.Login" name="verifyLoginWithInvalidEmailAndValidPassword" time="4.463"/>
  <testcase classname="com.tutorialsNinja.qa.testcases.Login" name="verifyLoginWithvalidEmailAndInValidPassword" time="4.380"/>
  <testcase classname="com.tutorialsNinja.qa.testcases.Login" name="verifyLoginWithoutProvidingCredentials" time="4.353"/>
</testsuite> <!-- com.tutorialsNinja.qa.testcases.Login -->
