<?xml version="1.0" encoding="UTF-8"?>
<!-- Generated by org.testng.reporters.JUnitReportReporter -->
<testsuite hostname="Rayhans-Air" failures="0" tests="4" name="com.tutorialsNinja.qa.testcases.Regester" time="36.465" errors="0" timestamp="2023-11-27T20:31:26 EST" skipped="0">
  <testcase classname="com.tutorialsNinja.qa.testcases.Regester" name="verifyRegesteringAnAccountWithMandatoryFields" time="8.140"/>
  <testcase classname="com.tutorialsNinja.qa.testcases.Regester" name="verifyRegesteringAccountByProvidingAllFields" time="5.097"/>
  <testcase classname="com.tutorialsNinja.qa.testcases.Regester" name="verifyrRegesteringAccountWithExistingEmailAddress" time="18.350"/>
  <testcase classname="com.tutorialsNinja.qa.testcases.Regester" name="verifyrRegesteringAccountWithWithoutFillingDetails" time="4.878"/>
</testsuite> <!-- com.tutorialsNinja.qa.testcases.Regester -->
