<?xml version="1.0" encoding="UTF-8"?>
<!-- Generated by org.testng.reporters.JUnitReportReporter -->
<testsuite hostname="Rayhans-Air" failures="0" tests="4" name="com.tutorialsNinja.qa.testcases.RegesterTest" time="27.919" errors="0" timestamp="2023-12-23T03:28:34 EST" skipped="0">
  <testcase classname="com.tutorialsNinja.qa.testcases.RegesterTest" name="verifyRegesteringAnAccountWithMandatoryFields" time="6.941"/>
  <testcase classname="com.tutorialsNinja.qa.testcases.RegesterTest" name="verifyRegesteringAccountByProvidingAllFields" time="8.364"/>
  <testcase classname="com.tutorialsNinja.qa.testcases.RegesterTest" name="verifyrRegesteringAccountWithExistingEmailAddress" time="6.248"/>
  <testcase classname="com.tutorialsNinja.qa.testcases.RegesterTest" name="verifyrRegesteringAccountWithWithoutFillingDetails" time="6.366"/>
</testsuite> <!-- com.tutorialsNinja.qa.testcases.RegesterTest -->
