<?xml version="1.0" encoding="UTF-8"?>
<!-- Generated by org.testng.reporters.JUnitReportReporter -->
<testsuite hostname="Rayhans-Air" failures="0" tests="4" name="com.tutorialsNinja.qa.testcases.RegesterTest" time="33.346" errors="0" timestamp="2023-11-27T21:23:31 EST" skipped="0">
  <testcase classname="com.tutorialsNinja.qa.testcases.RegesterTest" name="verifyRegesteringAnAccountWithMandatoryFields" time="6.553"/>
  <testcase classname="com.tutorialsNinja.qa.testcases.RegesterTest" name="verifyRegesteringAccountByProvidingAllFields" time="8.054"/>
  <testcase classname="com.tutorialsNinja.qa.testcases.RegesterTest" name="verifyrRegesteringAccountWithExistingEmailAddress" time="11.567"/>
  <testcase classname="com.tutorialsNinja.qa.testcases.RegesterTest" name="verifyrRegesteringAccountWithWithoutFillingDetails" time="7.172"/>
</testsuite> <!-- com.tutorialsNinja.qa.testcases.RegesterTest -->
